{"timestamp":"2025-10-14T02:35:00.017Z","level":"info","message":"alertsMonitor: running check","pid":31080,"service":"apmoney-server"}
{"timestamp":"2025-10-14T02:35:00.114Z","level":"info","message":"PendingMonitor: starting","pid":31080,"service":"apmoney-server"}
{"timestamp":"2025-10-14T02:35:00.116Z","level":"info","message":"PendingMonitor: found 1 pending txns","pid":31080,"service":"apmoney-server"}
{"timestamp":"2025-10-14T02:35:00.117Z","level":"error","message":"PendingMonitor: txn day17-order-002 check failed","pid":31080,"service":"apmoney-server","err":"provider.getStatus is not a function"}
{"timestamp":"2025-10-14T02:35:00.219Z","level":"info","message":"alertsMonitor: done","pid":31080,"service":"apmoney-server"}
{"timestamp":"2025-10-14T02:40:00.017Z","level":"info","message":"alertsMonitor: running check","pid":31080,"service":"apmoney-server"}
{"timestamp":"2025-10-14T02:40:00.019Z","level":"info","message":"PendingMonitor: starting","pid":31080,"service":"apmoney-server"}
{"timestamp":"2025-10-14T02:40:00.022Z","level":"info","message":"PendingMonitor: found 1 pending txns","pid":31080,"service":"apmoney-server"}
{"timestamp":"2025-10-14T02:40:00.022Z","level":"error","message":"PendingMonitor: txn day17-order-002 check failed","pid":31080,"service":"apmoney-server","err":"provider.getStatus is not a function"}
{"timestamp":"2025-10-14T02:40:00.046Z","level":"info","message":"alertsMonitor: done","pid":31080,"service":"apmoney-server"}
{"timestamp":"2025-10-14T03:54:58.633Z","level":"info","message":"alertsMonitor: cron started","pid":37828,"service":"apmoney-server","schedule":"*/5 * * * *"}
{"timestamp":"2025-10-14T03:54:58.634Z","level":"info","message":"Cron jobs started - pending monitor and alerts monitor running","pid":37828,"service":"apmoney-server"}
{"timestamp":"2025-10-14T03:55:00.045Z","level":"info","message":"PendingMonitor: starting","pid":37828,"service":"apmoney-server"}
{"timestamp":"2025-10-14T03:55:00.049Z","level":"info","message":"alertsMonitor: running check","pid":37828,"service":"apmoney-server"}
{"timestamp":"2025-10-14T03:55:00.070Z","level":"info","message":"PendingMonitor: found 1 pending txns","pid":37828,"service":"apmoney-server"}
{"timestamp":"2025-10-14T03:55:00.072Z","level":"error","message":"PendingMonitor: txn day17-order-002 check failed","pid":37828,"service":"apmoney-server","err":"provider.getStatus is not a function"}
{"timestamp":"2025-10-14T03:55:00.162Z","level":"info","message":"alertsMonitor: done","pid":37828,"service":"apmoney-server"}
{"timestamp":"2025-10-14T03:56:06.035Z","level":"info","message":"http_request_start","pid":37828,"service":"apmoney-server","method":"GET","url":"/","ip":"::1"}
{"timestamp":"2025-10-14T03:56:06.134Z","level":"info","message":"http_request_start","pid":37828,"service":"apmoney-server","method":"GET","url":"/assets/index-B3xH_nSA.js","ip":"::1"}
{"timestamp":"2025-10-14T03:56:06.143Z","level":"info","message":"http_request_start","pid":37828,"service":"apmoney-server","method":"GET","url":"/assets/index-ClCUKcWE.css","ip":"::1"}
{"timestamp":"2025-10-14T03:56:06.235Z","level":"info","message":"http_request_start","pid":37828,"service":"apmoney-server","method":"GET","url":"/vite.svg","ip":"::1"}
{"timestamp":"2025-10-14T04:00:00.036Z","level":"info","message":"PendingMonitor: starting","pid":37828,"service":"apmoney-server"}
{"timestamp":"2025-10-14T04:00:00.040Z","level":"info","message":"alertsMonitor: running check","pid":37828,"service":"apmoney-server"}
{"timestamp":"2025-10-14T04:00:00.049Z","level":"info","message":"PendingMonitor: found 1 pending txns","pid":37828,"service":"apmoney-server"}
{"timestamp":"2025-10-14T04:00:00.051Z","level":"error","message":"PendingMonitor: txn day17-order-002 check failed","pid":37828,"service":"apmoney-server","err":"provider.getStatus is not a function"}
{"timestamp":"2025-10-14T04:00:00.103Z","level":"info","message":"alertsMonitor: done","pid":37828,"service":"apmoney-server"}
{"timestamp":"2025-10-14T04:03:18.066Z","level":"info","message":"alertsMonitor: cron started","pid":18796,"service":"apmoney-server","schedule":"*/5 * * * *"}
{"timestamp":"2025-10-14T04:03:18.067Z","level":"info","message":"Cron jobs started - pending monitor and alerts monitor running","pid":18796,"service":"apmoney-server"}
{"timestamp":"2025-10-14T04:05:00.077Z","level":"info","message":"PendingMonitor: starting","pid":18796,"service":"apmoney-server"}
{"timestamp":"2025-10-14T04:05:00.084Z","level":"info","message":"alertsMonitor: running check","pid":18796,"service":"apmoney-server"}
{"timestamp":"2025-10-14T04:05:00.097Z","level":"info","message":"PendingMonitor: found 1 pending txns","pid":18796,"service":"apmoney-server"}
{"timestamp":"2025-10-14T04:05:00.099Z","level":"error","message":"PendingMonitor: txn day17-order-002 check failed","pid":18796,"service":"apmoney-server","err":"provider.getStatus is not a function"}
{"timestamp":"2025-10-14T04:05:00.149Z","level":"info","message":"alertsMonitor: done","pid":18796,"service":"apmoney-server"}
{"timestamp":"2025-10-14T04:06:03.458Z","level":"info","message":"alertsMonitor: cron started","pid":26124,"service":"apmoney-server","schedule":"*/5 * * * *"}
{"timestamp":"2025-10-14T04:06:03.460Z","level":"info","message":"Cron jobs started - pending monitor and alerts monitor running","pid":26124,"service":"apmoney-server"}
{"timestamp":"2025-10-14T04:10:00.044Z","level":"info","message":"PendingMonitor: starting","pid":26124,"service":"apmoney-server"}
{"timestamp":"2025-10-14T04:10:00.051Z","level":"info","message":"alertsMonitor: running check","pid":26124,"service":"apmoney-server"}
{"timestamp":"2025-10-14T04:10:00.067Z","level":"info","message":"PendingMonitor: found 1 pending txns","pid":26124,"service":"apmoney-server"}
{"timestamp":"2025-10-14T04:10:00.068Z","level":"error","message":"PendingMonitor: txn day17-order-002 check failed","pid":26124,"service":"apmoney-server","err":"provider.getStatus is not a function"}
{"timestamp":"2025-10-14T04:10:00.134Z","level":"info","message":"alertsMonitor: done","pid":26124,"service":"apmoney-server"}
{"timestamp":"2025-10-14T04:14:31.096Z","level":"info","message":"alertsMonitor: cron started","pid":24312,"service":"apmoney-server","schedule":"*/5 * * * *"}
{"timestamp":"2025-10-14T04:14:31.097Z","level":"info","message":"Cron jobs started - pending monitor and alerts monitor running","pid":24312,"service":"apmoney-server"}
{"timestamp":"2025-10-14T04:14:37.390Z","level":"info","message":"alertsMonitor: cron started","pid":34256,"service":"apmoney-server","schedule":"*/5 * * * *"}
{"timestamp":"2025-10-14T04:14:37.391Z","level":"info","message":"Cron jobs started - pending monitor and alerts monitor running","pid":34256,"service":"apmoney-server"}
{"timestamp":"2025-10-14T04:15:00.038Z","level":"info","message":"PendingMonitor: starting","pid":34256,"service":"apmoney-server"}
{"timestamp":"2025-10-14T04:15:00.042Z","level":"info","message":"alertsMonitor: running check","pid":34256,"service":"apmoney-server"}
{"timestamp":"2025-10-14T04:15:00.051Z","level":"info","message":"PendingMonitor: found 1 pending txns","pid":34256,"service":"apmoney-server"}
{"timestamp":"2025-10-14T04:15:00.053Z","level":"error","message":"PendingMonitor: txn day17-order-002 check failed","pid":34256,"service":"apmoney-server","err":"provider.getStatus is not a function"}
{"timestamp":"2025-10-14T04:15:00.105Z","level":"info","message":"alertsMonitor: done","pid":34256,"service":"apmoney-server"}
{"timestamp":"2025-10-14T04:17:11.243Z","level":"info","message":"alertsMonitor: cron started","pid":22712,"service":"apmoney-server","schedule":"*/5 * * * *"}
{"timestamp":"2025-10-14T04:17:11.244Z","level":"info","message":"Cron jobs started - pending monitor and alerts monitor running","pid":22712,"service":"apmoney-server"}
{"timestamp":"2025-10-14T04:20:00.065Z","level":"info","message":"PendingMonitor: starting","pid":22712,"service":"apmoney-server"}
{"timestamp":"2025-10-14T04:20:00.069Z","level":"info","message":"alertsMonitor: running check","pid":22712,"service":"apmoney-server"}
{"timestamp":"2025-10-14T04:20:00.078Z","level":"info","message":"PendingMonitor: found 1 pending txns","pid":22712,"service":"apmoney-server"}
{"timestamp":"2025-10-14T04:20:00.079Z","level":"error","message":"PendingMonitor: txn day17-order-002 check failed","pid":22712,"service":"apmoney-server","err":"provider.getStatus is not a function"}
{"timestamp":"2025-10-14T04:20:00.131Z","level":"info","message":"alertsMonitor: done","pid":22712,"service":"apmoney-server"}
{"timestamp":"2025-10-14T04:25:00.042Z","level":"info","message":"PendingMonitor: starting","pid":22712,"service":"apmoney-server"}
{"timestamp":"2025-10-14T04:25:00.044Z","level":"info","message":"alertsMonitor: running check","pid":22712,"service":"apmoney-server"}
{"timestamp":"2025-10-14T04:25:00.051Z","level":"info","message":"PendingMonitor: found 1 pending txns","pid":22712,"service":"apmoney-server"}
{"timestamp":"2025-10-14T04:25:00.053Z","level":"error","message":"PendingMonitor: txn day17-order-002 check failed","pid":22712,"service":"apmoney-server","err":"provider.getStatus is not a function"}
{"timestamp":"2025-10-14T04:25:00.170Z","level":"info","message":"alertsMonitor: done","pid":22712,"service":"apmoney-server"}
{"timestamp":"2025-10-14T04:30:00.038Z","level":"info","message":"PendingMonitor: starting","pid":22712,"service":"apmoney-server"}
{"timestamp":"2025-10-14T04:30:00.040Z","level":"info","message":"alertsMonitor: running check","pid":22712,"service":"apmoney-server"}
{"timestamp":"2025-10-14T04:30:00.043Z","level":"info","message":"PendingMonitor: found 1 pending txns","pid":22712,"service":"apmoney-server"}
{"timestamp":"2025-10-14T04:30:00.044Z","level":"error","message":"PendingMonitor: txn day17-order-002 check failed","pid":22712,"service":"apmoney-server","err":"provider.getStatus is not a function"}
{"timestamp":"2025-10-14T04:30:00.083Z","level":"info","message":"alertsMonitor: done","pid":22712,"service":"apmoney-server"}
{"timestamp":"2025-10-14T04:35:00.026Z","level":"info","message":"PendingMonitor: starting","pid":22712,"service":"apmoney-server"}
{"timestamp":"2025-10-14T04:35:00.028Z","level":"info","message":"alertsMonitor: running check","pid":22712,"service":"apmoney-server"}
{"timestamp":"2025-10-14T04:35:00.032Z","level":"info","message":"PendingMonitor: found 1 pending txns","pid":22712,"service":"apmoney-server"}
{"timestamp":"2025-10-14T04:35:00.033Z","level":"error","message":"PendingMonitor: txn day17-order-002 check failed","pid":22712,"service":"apmoney-server","err":"provider.getStatus is not a function"}
{"timestamp":"2025-10-14T04:35:00.076Z","level":"info","message":"alertsMonitor: done","pid":22712,"service":"apmoney-server"}
{"timestamp":"2025-10-14T04:40:00.033Z","level":"info","message":"PendingMonitor: starting","pid":22712,"service":"apmoney-server"}
{"timestamp":"2025-10-14T04:40:00.035Z","level":"info","message":"alertsMonitor: running check","pid":22712,"service":"apmoney-server"}
{"timestamp":"2025-10-14T04:40:00.038Z","level":"info","message":"PendingMonitor: found 1 pending txns","pid":22712,"service":"apmoney-server"}
{"timestamp":"2025-10-14T04:40:00.039Z","level":"error","message":"PendingMonitor: txn day17-order-002 check failed","pid":22712,"service":"apmoney-server","err":"provider.getStatus is not a function"}
{"timestamp":"2025-10-14T04:40:00.075Z","level":"info","message":"alertsMonitor: done","pid":22712,"service":"apmoney-server"}
{"timestamp":"2025-10-14T04:45:00.049Z","level":"info","message":"alertsMonitor: running check","pid":22712,"service":"apmoney-server"}
{"timestamp":"2025-10-14T04:45:00.052Z","level":"info","message":"PendingMonitor: starting","pid":22712,"service":"apmoney-server"}
{"timestamp":"2025-10-14T04:45:00.058Z","level":"info","message":"PendingMonitor: found 1 pending txns","pid":22712,"service":"apmoney-server"}
{"timestamp":"2025-10-14T04:45:00.059Z","level":"error","message":"PendingMonitor: txn day17-order-002 check failed","pid":22712,"service":"apmoney-server","err":"provider.getStatus is not a function"}
{"timestamp":"2025-10-14T04:45:00.099Z","level":"info","message":"alertsMonitor: done","pid":22712,"service":"apmoney-server"}
{"timestamp":"2025-10-14T04:50:00.022Z","level":"info","message":"alertsMonitor: running check","pid":22712,"service":"apmoney-server"}
{"timestamp":"2025-10-14T04:50:00.024Z","level":"info","message":"PendingMonitor: starting","pid":22712,"service":"apmoney-server"}
{"timestamp":"2025-10-14T04:50:00.027Z","level":"info","message":"PendingMonitor: found 1 pending txns","pid":22712,"service":"apmoney-server"}
{"timestamp":"2025-10-14T04:50:00.028Z","level":"error","message":"PendingMonitor: txn day17-order-002 check failed","pid":22712,"service":"apmoney-server","err":"provider.getStatus is not a function"}
{"timestamp":"2025-10-14T04:50:00.063Z","level":"info","message":"alertsMonitor: done","pid":22712,"service":"apmoney-server"}
{"timestamp":"2025-10-14T04:55:00.040Z","level":"info","message":"alertsMonitor: running check","pid":22712,"service":"apmoney-server"}
{"timestamp":"2025-10-14T04:55:00.044Z","level":"info","message":"PendingMonitor: starting","pid":22712,"service":"apmoney-server"}
{"timestamp":"2025-10-14T04:55:00.047Z","level":"info","message":"PendingMonitor: found 1 pending txns","pid":22712,"service":"apmoney-server"}
{"timestamp":"2025-10-14T04:55:00.049Z","level":"error","message":"PendingMonitor: txn day17-order-002 check failed","pid":22712,"service":"apmoney-server","err":"provider.getStatus is not a function"}
{"timestamp":"2025-10-14T04:55:00.094Z","level":"info","message":"alertsMonitor: done","pid":22712,"service":"apmoney-server"}
{"timestamp":"2025-10-14T05:00:00.036Z","level":"info","message":"alertsMonitor: running check","pid":22712,"service":"apmoney-server"}
{"timestamp":"2025-10-14T05:00:00.038Z","level":"info","message":"PendingMonitor: starting","pid":22712,"service":"apmoney-server"}
{"timestamp":"2025-10-14T05:00:00.041Z","level":"info","message":"PendingMonitor: found 1 pending txns","pid":22712,"service":"apmoney-server"}
{"timestamp":"2025-10-14T05:00:00.042Z","level":"error","message":"PendingMonitor: txn day17-order-002 check failed","pid":22712,"service":"apmoney-server","err":"provider.getStatus is not a function"}
{"timestamp":"2025-10-14T05:00:00.073Z","level":"info","message":"alertsMonitor: done","pid":22712,"service":"apmoney-server"}
{"timestamp":"2025-10-14T05:05:00.035Z","level":"info","message":"alertsMonitor: running check","pid":22712,"service":"apmoney-server"}
{"timestamp":"2025-10-14T05:05:00.037Z","level":"info","message":"PendingMonitor: starting","pid":22712,"service":"apmoney-server"}
{"timestamp":"2025-10-14T05:05:00.044Z","level":"info","message":"PendingMonitor: found 1 pending txns","pid":22712,"service":"apmoney-server"}
{"timestamp":"2025-10-14T05:05:00.046Z","level":"error","message":"PendingMonitor: txn day17-order-002 check failed","pid":22712,"service":"apmoney-server","err":"provider.getStatus is not a function"}
{"timestamp":"2025-10-14T05:05:00.100Z","level":"info","message":"alertsMonitor: done","pid":22712,"service":"apmoney-server"}
{"timestamp":"2025-10-14T05:10:00.066Z","level":"info","message":"alertsMonitor: running check","pid":22712,"service":"apmoney-server"}
{"timestamp":"2025-10-14T05:10:00.068Z","level":"info","message":"PendingMonitor: starting","pid":22712,"service":"apmoney-server"}
{"timestamp":"2025-10-14T05:10:00.078Z","level":"info","message":"PendingMonitor: found 1 pending txns","pid":22712,"service":"apmoney-server"}
{"timestamp":"2025-10-14T05:10:00.079Z","level":"error","message":"PendingMonitor: txn day17-order-002 check failed","pid":22712,"service":"apmoney-server","err":"provider.getStatus is not a function"}
{"timestamp":"2025-10-14T05:10:00.107Z","level":"info","message":"alertsMonitor: done","pid":22712,"service":"apmoney-server"}
{"timestamp":"2025-10-14T05:11:13.357Z","level":"info","message":"alertsMonitor: cron started","pid":39888,"service":"apmoney-server","schedule":"*/5 * * * *"}
{"timestamp":"2025-10-14T05:11:13.359Z","level":"info","message":"Cron jobs started - pending monitor and alerts monitor running","pid":39888,"service":"apmoney-server"}
{"timestamp":"2025-10-14T05:11:45.015Z","level":"info","message":"alertsMonitor: cron started","pid":38416,"service":"apmoney-server","schedule":"*/5 * * * *"}
{"timestamp":"2025-10-14T05:11:45.017Z","level":"info","message":"Cron jobs started - pending monitor and alerts monitor running","pid":38416,"service":"apmoney-server"}
{"timestamp":"2025-10-14T05:12:00.947Z","level":"info","message":"alertsMonitor: cron started","pid":28616,"service":"apmoney-server","schedule":"*/5 * * * *"}
{"timestamp":"2025-10-14T05:12:00.948Z","level":"info","message":"Cron jobs started - pending monitor and alerts monitor running","pid":28616,"service":"apmoney-server"}
