{"timestamp":"2025-10-16T03:50:00.037Z","level":"info","message":"alertsMonitor: running check","pid":30200,"service":"apmoney-server"}
{"timestamp":"2025-10-16T03:50:00.084Z","level":"info","message":"PendingMonitor: starting","pid":30200,"service":"apmoney-server"}
{"timestamp":"2025-10-16T03:50:00.090Z","level":"error","message":"alertsMonitor cron error","pid":30200,"service":"apmoney-server","err":"Error: getaddrinfo ENOTFOUND shortline.proxy.rlwy.net\n    at PromisePool.execute (D:\\laragon\\www\\mymoney\\apmoney\\node_modules\\mysql2\\lib\\promise\\pool.js:54:22)\n    at evalAlertsOnce (file:///D:/laragon/www/mymoney/apmoney/cron/alertsMonitor.js:55:34)\n    at file:///D:/laragon/www/mymoney/apmoney/cron/alertsMonitor.js:129:13\n    at Runner.onMatch (D:\\laragon\\www\\mymoney\\apmoney\\node_modules\\node-cron\\dist\\esm\\tasks\\inline-scheduled-task.js:69:20)\n    at Timeout._onTimeout (D:\\laragon\\www\\mymoney\\apmoney\\node_modules\\node-cron\\dist\\esm\\scheduler\\runner.js:70:55)\n    at listOnTimeout (node:internal/timers:608:17)\n    at process.processTimers (node:internal/timers:543:7)"}
{"timestamp":"2025-10-16T03:50:00.094Z","level":"error","message":"PendingMonitor: fatal error","pid":30200,"service":"apmoney-server","err":"Error: getaddrinfo ENOTFOUND shortline.proxy.rlwy.net\n    at PromisePool.execute (D:\\laragon\\www\\mymoney\\apmoney\\node_modules\\mysql2\\lib\\promise\\pool.js:54:22)\n    at runPendingMonitor (file:///D:/laragon/www/mymoney/apmoney/cron/pendingMonitor.js:15:31)\n    at file:///D:/laragon/www/mymoney/apmoney/cron/cronManager.js:11:13\n    at Runner.onMatch (D:\\laragon\\www\\mymoney\\apmoney\\node_modules\\node-cron\\dist\\esm\\tasks\\inline-scheduled-task.js:69:20)\n    at Timeout._onTimeout (D:\\laragon\\www\\mymoney\\apmoney\\node_modules\\node-cron\\dist\\esm\\scheduler\\runner.js:70:55)\n    at listOnTimeout (node:internal/timers:608:17)\n    at process.processTimers (node:internal/timers:543:7)"}
{"timestamp":"2025-10-16T03:50:00.094Z","level":"error","message":"Cron runPendingMonitor error","pid":30200,"service":"apmoney-server","err":"getaddrinfo ENOTFOUND shortline.proxy.rlwy.net"}
{"timestamp":"2025-10-16T03:55:00.082Z","level":"info","message":"alertsMonitor: running check","pid":30200,"service":"apmoney-server"}
{"timestamp":"2025-10-16T03:55:00.096Z","level":"info","message":"PendingMonitor: starting","pid":30200,"service":"apmoney-server"}
{"timestamp":"2025-10-16T03:55:00.795Z","level":"info","message":"PendingMonitor: no stale pending txns","pid":30200,"service":"apmoney-server"}
{"timestamp":"2025-10-16T03:55:08.051Z","level":"info","message":"alertsMonitor: done","pid":30200,"service":"apmoney-server"}
{"timestamp":"2025-10-16T04:00:00.059Z","level":"info","message":"PendingMonitor: starting","pid":30200,"service":"apmoney-server"}
{"timestamp":"2025-10-16T04:00:00.062Z","level":"info","message":"alertsMonitor: running check","pid":30200,"service":"apmoney-server"}
{"timestamp":"2025-10-16T04:00:00.708Z","level":"info","message":"PendingMonitor: no stale pending txns","pid":30200,"service":"apmoney-server"}
{"timestamp":"2025-10-16T04:00:02.747Z","level":"info","message":"alertsMonitor: done","pid":30200,"service":"apmoney-server"}
{"timestamp":"2025-10-16T04:05:00.025Z","level":"info","message":"alertsMonitor: running check","pid":30200,"service":"apmoney-server"}
{"timestamp":"2025-10-16T04:05:00.027Z","level":"info","message":"PendingMonitor: starting","pid":30200,"service":"apmoney-server"}
{"timestamp":"2025-10-16T04:05:00.287Z","level":"info","message":"PendingMonitor: no stale pending txns","pid":30200,"service":"apmoney-server"}
{"timestamp":"2025-10-16T04:05:01.735Z","level":"info","message":"alertsMonitor: done","pid":30200,"service":"apmoney-server"}
{"timestamp":"2025-10-16T04:10:00.030Z","level":"info","message":"alertsMonitor: running check","pid":30200,"service":"apmoney-server"}
{"timestamp":"2025-10-16T04:10:00.038Z","level":"info","message":"PendingMonitor: starting","pid":30200,"service":"apmoney-server"}
{"timestamp":"2025-10-16T04:10:00.311Z","level":"info","message":"PendingMonitor: no stale pending txns","pid":30200,"service":"apmoney-server"}
{"timestamp":"2025-10-16T04:10:01.860Z","level":"info","message":"alertsMonitor: done","pid":30200,"service":"apmoney-server"}
{"timestamp":"2025-10-16T04:15:00.029Z","level":"info","message":"alertsMonitor: running check","pid":30200,"service":"apmoney-server"}
{"timestamp":"2025-10-16T04:15:00.030Z","level":"info","message":"PendingMonitor: starting","pid":30200,"service":"apmoney-server"}
{"timestamp":"2025-10-16T04:15:00.289Z","level":"info","message":"PendingMonitor: no stale pending txns","pid":30200,"service":"apmoney-server"}
{"timestamp":"2025-10-16T04:15:01.890Z","level":"info","message":"alertsMonitor: done","pid":30200,"service":"apmoney-server"}
{"timestamp":"2025-10-16T04:15:47.575Z","level":"info","message":"http_request_start","pid":30200,"service":"apmoney-server","method":"GET","url":"/api/v1/admin/dashboard/summary","ip":"::1"}
{"timestamp":"2025-10-16T04:15:47.653Z","level":"info","message":"http_request_start","pid":30200,"service":"apmoney-server","method":"GET","url":"/api/v1/admin/dashboard/summary","ip":"::1"}
{"timestamp":"2025-10-16T04:20:00.017Z","level":"info","message":"alertsMonitor: running check","pid":30200,"service":"apmoney-server"}
{"timestamp":"2025-10-16T04:20:00.018Z","level":"info","message":"PendingMonitor: starting","pid":30200,"service":"apmoney-server"}
{"timestamp":"2025-10-16T04:20:00.264Z","level":"info","message":"PendingMonitor: no stale pending txns","pid":30200,"service":"apmoney-server"}
{"timestamp":"2025-10-16T04:20:01.302Z","level":"info","message":"alertsMonitor: done","pid":30200,"service":"apmoney-server"}
{"timestamp":"2025-10-16T04:25:00.035Z","level":"info","message":"alertsMonitor: running check","pid":30200,"service":"apmoney-server"}
{"timestamp":"2025-10-16T04:25:00.039Z","level":"info","message":"PendingMonitor: starting","pid":30200,"service":"apmoney-server"}
{"timestamp":"2025-10-16T04:25:00.323Z","level":"info","message":"PendingMonitor: no stale pending txns","pid":30200,"service":"apmoney-server"}
{"timestamp":"2025-10-16T04:25:01.988Z","level":"info","message":"alertsMonitor: done","pid":30200,"service":"apmoney-server"}
{"timestamp":"2025-10-16T04:30:00.052Z","level":"info","message":"alertsMonitor: running check","pid":30200,"service":"apmoney-server"}
{"timestamp":"2025-10-16T04:30:00.055Z","level":"info","message":"PendingMonitor: starting","pid":30200,"service":"apmoney-server"}
{"timestamp":"2025-10-16T04:30:00.300Z","level":"info","message":"PendingMonitor: no stale pending txns","pid":30200,"service":"apmoney-server"}
{"timestamp":"2025-10-16T04:30:01.506Z","level":"info","message":"alertsMonitor: done","pid":30200,"service":"apmoney-server"}
{"timestamp":"2025-10-16T04:35:00.035Z","level":"info","message":"PendingMonitor: starting","pid":30200,"service":"apmoney-server"}
{"timestamp":"2025-10-16T04:35:00.041Z","level":"info","message":"alertsMonitor: running check","pid":30200,"service":"apmoney-server"}
{"timestamp":"2025-10-16T04:35:00.206Z","level":"info","message":"PendingMonitor: no stale pending txns","pid":30200,"service":"apmoney-server"}
{"timestamp":"2025-10-16T04:35:05.428Z","level":"info","message":"alertsMonitor: done","pid":30200,"service":"apmoney-server"}
{"timestamp":"2025-10-16T08:42:43.947Z","level":"info","message":"Socket.IO using Redis adapter","pid":47556,"service":"apmoney-server"}
{"timestamp":"2025-10-16T08:42:48.206Z","level":"info","message":"alertsMonitor: cron started","pid":47556,"service":"apmoney-server","schedule":"*/5 * * * *"}
{"timestamp":"2025-10-16T08:42:48.208Z","level":"info","message":"Cron jobs started - pending monitor and alerts monitor running","pid":47556,"service":"apmoney-server"}
{"timestamp":"2025-10-16T08:43:48.757Z","level":"info","message":"http_request_start","pid":47556,"service":"apmoney-server","method":"POST","url":"/api/v1/auth/request-otp","ip":"::1"}
{"timestamp":"2025-10-16T08:43:49.684Z","level":"info","message":"Creating OTP request","pid":47556,"service":"apmoney-server","requestId":"10d9b8a5-2d3f-442b-adfe-38e9ded27462","phone":"+917020318629","email":null}
{"timestamp":"2025-10-16T08:43:49.686Z","level":"info","message":"[DEV ONLY] OTP for 7020318629: 512506","pid":47556,"service":"apmoney-server"}
{"timestamp":"2025-10-16T08:43:49.687Z","level":"info","message":"OTP SMS sent successfully","pid":47556,"service":"apmoney-server","requestId":"10d9b8a5-2d3f-442b-adfe-38e9ded27462","phone":"+917020318629","messageId":"dev-1760604229687"}
{"timestamp":"2025-10-16T08:45:00.021Z","level":"info","message":"PendingMonitor: starting","pid":47556,"service":"apmoney-server"}
{"timestamp":"2025-10-16T08:45:00.024Z","level":"info","message":"alertsMonitor: running check","pid":47556,"service":"apmoney-server"}
{"timestamp":"2025-10-16T08:45:00.849Z","level":"info","message":"PendingMonitor: no stale pending txns","pid":47556,"service":"apmoney-server"}
{"timestamp":"2025-10-16T08:45:13.149Z","level":"info","message":"alertsMonitor: done","pid":47556,"service":"apmoney-server"}
{"timestamp":"2025-10-16T08:46:58.173Z","level":"info","message":"Socket.IO using Redis adapter","pid":37088,"service":"apmoney-server"}
{"timestamp":"2025-10-16T08:47:01.724Z","level":"info","message":"alertsMonitor: cron started","pid":37088,"service":"apmoney-server","schedule":"*/5 * * * *"}
{"timestamp":"2025-10-16T08:47:01.727Z","level":"info","message":"Cron jobs started - pending monitor and alerts monitor running","pid":37088,"service":"apmoney-server"}
{"timestamp":"2025-10-16T08:47:04.873Z","level":"info","message":"http_request_start","pid":37088,"service":"apmoney-server","method":"POST","url":"/api/v1/auth/request-otp","ip":"::1"}
{"timestamp":"2025-10-16T08:47:06.088Z","level":"info","message":"Creating OTP request","pid":37088,"service":"apmoney-server","requestId":"97b3dfe7-dacf-4d07-a502-aec608d51228","phone":"+917020318629","email":null}
{"timestamp":"2025-10-16T08:47:06.731Z","level":"error","message":"Fast2SMS API error","pid":37088,"service":"apmoney-server","phone":"7020318629","error":"Request failed with status code 400","status":400,"data":{"status_code":996,"message":"Before using OTP Message API, complete website verification. Visit OTP Message menu or use DLT SMS API."}}
{"timestamp":"2025-10-16T08:47:06.734Z","level":"error","message":"OTP SMS send failed","pid":37088,"service":"apmoney-server","requestId":"97b3dfe7-dacf-4d07-a502-aec608d51228","phone":"+917020318629","error":"Before using OTP Message API, complete website verification. Visit OTP Message menu or use DLT SMS API."}
{"timestamp":"2025-10-16T08:50:00.044Z","level":"info","message":"alertsMonitor: running check","pid":37088,"service":"apmoney-server"}
{"timestamp":"2025-10-16T08:50:00.047Z","level":"info","message":"PendingMonitor: starting","pid":37088,"service":"apmoney-server"}
{"timestamp":"2025-10-16T08:50:03.342Z","level":"info","message":"PendingMonitor: no stale pending txns","pid":37088,"service":"apmoney-server"}
{"timestamp":"2025-10-16T08:50:13.067Z","level":"info","message":"alertsMonitor: done","pid":37088,"service":"apmoney-server"}
{"timestamp":"2025-10-16T08:55:00.068Z","level":"info","message":"alertsMonitor: running check","pid":37088,"service":"apmoney-server"}
{"timestamp":"2025-10-16T08:55:00.071Z","level":"info","message":"PendingMonitor: starting","pid":37088,"service":"apmoney-server"}
{"timestamp":"2025-10-16T08:55:00.500Z","level":"info","message":"PendingMonitor: no stale pending txns","pid":37088,"service":"apmoney-server"}
{"timestamp":"2025-10-16T08:55:08.281Z","level":"info","message":"alertsMonitor: done","pid":37088,"service":"apmoney-server"}
{"timestamp":"2025-10-16T09:00:00.030Z","level":"info","message":"alertsMonitor: running check","pid":37088,"service":"apmoney-server"}
{"timestamp":"2025-10-16T09:00:00.035Z","level":"info","message":"PendingMonitor: starting","pid":37088,"service":"apmoney-server"}
{"timestamp":"2025-10-16T09:00:00.533Z","level":"info","message":"PendingMonitor: no stale pending txns","pid":37088,"service":"apmoney-server"}
{"timestamp":"2025-10-16T09:00:07.139Z","level":"info","message":"alertsMonitor: done","pid":37088,"service":"apmoney-server"}
{"timestamp":"2025-10-16T09:05:00.048Z","level":"info","message":"PendingMonitor: starting","pid":37088,"service":"apmoney-server"}
{"timestamp":"2025-10-16T09:05:00.051Z","level":"info","message":"alertsMonitor: running check","pid":37088,"service":"apmoney-server"}
{"timestamp":"2025-10-16T09:05:00.988Z","level":"info","message":"PendingMonitor: no stale pending txns","pid":37088,"service":"apmoney-server"}
{"timestamp":"2025-10-16T09:05:12.650Z","level":"info","message":"alertsMonitor: done","pid":37088,"service":"apmoney-server"}
{"timestamp":"2025-10-16T09:10:00.062Z","level":"info","message":"PendingMonitor: starting","pid":37088,"service":"apmoney-server"}
{"timestamp":"2025-10-16T09:10:00.068Z","level":"info","message":"alertsMonitor: running check","pid":37088,"service":"apmoney-server"}
{"timestamp":"2025-10-16T09:10:00.596Z","level":"info","message":"PendingMonitor: no stale pending txns","pid":37088,"service":"apmoney-server"}
{"timestamp":"2025-10-16T09:10:08.173Z","level":"info","message":"alertsMonitor: done","pid":37088,"service":"apmoney-server"}
{"timestamp":"2025-10-16T09:11:56.274Z","level":"info","message":"Socket.IO using Redis adapter","pid":45340,"service":"apmoney-server"}
{"timestamp":"2025-10-16T09:12:00.196Z","level":"info","message":"alertsMonitor: cron started","pid":45340,"service":"apmoney-server","schedule":"*/5 * * * *"}
{"timestamp":"2025-10-16T09:12:00.197Z","level":"info","message":"Cron jobs started - pending monitor and alerts monitor running","pid":45340,"service":"apmoney-server"}
{"timestamp":"2025-10-16T09:12:12.254Z","level":"info","message":"Socket.IO using Redis adapter","pid":5376,"service":"apmoney-server"}
{"timestamp":"2025-10-16T09:12:15.494Z","level":"info","message":"alertsMonitor: cron started","pid":5376,"service":"apmoney-server","schedule":"*/5 * * * *"}
{"timestamp":"2025-10-16T09:12:15.495Z","level":"info","message":"Cron jobs started - pending monitor and alerts monitor running","pid":5376,"service":"apmoney-server"}
{"timestamp":"2025-10-16T09:15:01.612Z","level":"info","message":"Socket.IO using Redis adapter","pid":20328,"service":"apmoney-server"}
{"timestamp":"2025-10-16T09:15:06.108Z","level":"info","message":"alertsMonitor: cron started","pid":20328,"service":"apmoney-server","schedule":"*/5 * * * *"}
{"timestamp":"2025-10-16T09:15:06.110Z","level":"info","message":"Cron jobs started - pending monitor and alerts monitor running","pid":20328,"service":"apmoney-server"}
{"timestamp":"2025-10-16T09:15:53.800Z","level":"info","message":"http_request_start","pid":20328,"service":"apmoney-server","method":"POST","url":"/api/v1/auth/request-otp","ip":"::1"}
{"timestamp":"2025-10-16T09:15:54.648Z","level":"info","message":"Creating OTP request","pid":20328,"service":"apmoney-server","requestId":"171593bf-5ddc-4b01-8168-3a3b5b8f1e69","phone":"+917020318629","email":null}
{"timestamp":"2025-10-16T09:15:55.754Z","level":"error","message":"Twilio SMS error","pid":20328,"service":"apmoney-server","phone":"+917020318629","error":"'From' +1234567890 is not a Twilio phone number or Short Code country mismatch","code":21659,"status":400}
{"timestamp":"2025-10-16T09:15:55.757Z","level":"error","message":"OTP SMS send failed","pid":20328,"service":"apmoney-server","requestId":"171593bf-5ddc-4b01-8168-3a3b5b8f1e69","phone":"+917020318629","error":"'From' +1234567890 is not a Twilio phone number or Short Code country mismatch"}
{"timestamp":"2025-10-16T09:17:01.026Z","level":"info","message":"http_request_start","pid":20328,"service":"apmoney-server","method":"POST","url":"/api/v1/auth/request-otp","ip":"::1"}
{"timestamp":"2025-10-16T09:17:01.563Z","level":"info","message":"Creating OTP request","pid":20328,"service":"apmoney-server","requestId":"05a8c9c7-ff46-4ec8-bc1c-d9a6ce740bd2","phone":"+917020318629","email":null}
{"timestamp":"2025-10-16T09:17:01.973Z","level":"error","message":"Twilio SMS error","pid":20328,"service":"apmoney-server","phone":"+917020318629","error":"'From' +1234567890 is not a Twilio phone number or Short Code country mismatch","code":21659,"status":400}
{"timestamp":"2025-10-16T09:17:01.975Z","level":"error","message":"OTP SMS send failed","pid":20328,"service":"apmoney-server","requestId":"05a8c9c7-ff46-4ec8-bc1c-d9a6ce740bd2","phone":"+917020318629","error":"'From' +1234567890 is not a Twilio phone number or Short Code country mismatch"}
{"timestamp":"2025-10-16T09:17:21.515Z","level":"info","message":"Socket.IO using Redis adapter","pid":14028,"service":"apmoney-server"}
{"timestamp":"2025-10-16T09:17:25.929Z","level":"info","message":"alertsMonitor: cron started","pid":14028,"service":"apmoney-server","schedule":"*/5 * * * *"}
{"timestamp":"2025-10-16T09:17:25.930Z","level":"info","message":"Cron jobs started - pending monitor and alerts monitor running","pid":14028,"service":"apmoney-server"}
{"timestamp":"2025-10-16T09:17:26.258Z","level":"info","message":"http_request_start","pid":14028,"service":"apmoney-server","method":"POST","url":"/api/v1/auth/request-otp","ip":"::1"}
{"timestamp":"2025-10-16T09:17:27.266Z","level":"info","message":"Creating OTP request","pid":14028,"service":"apmoney-server","requestId":"c1b0806c-be84-4a62-8b14-9a534962514e","phone":"+917020318629","email":null}
{"timestamp":"2025-10-16T09:17:28.295Z","level":"error","message":"Twilio SMS error","pid":14028,"service":"apmoney-server","phone":"+917020318629","error":"'From' +15551234567 is not a Twilio phone number or Short Code country mismatch","code":21659,"status":400}
{"timestamp":"2025-10-16T09:17:28.298Z","level":"error","message":"OTP SMS send failed","pid":14028,"service":"apmoney-server","requestId":"c1b0806c-be84-4a62-8b14-9a534962514e","phone":"+917020318629","error":"'From' +15551234567 is not a Twilio phone number or Short Code country mismatch"}
{"timestamp":"2025-10-16T09:20:00.048Z","level":"info","message":"PendingMonitor: starting","pid":14028,"service":"apmoney-server"}
{"timestamp":"2025-10-16T09:20:00.054Z","level":"info","message":"alertsMonitor: running check","pid":14028,"service":"apmoney-server"}
{"timestamp":"2025-10-16T09:20:01.047Z","level":"info","message":"PendingMonitor: no stale pending txns","pid":14028,"service":"apmoney-server"}
{"timestamp":"2025-10-16T09:20:18.936Z","level":"info","message":"alertsMonitor: done","pid":14028,"service":"apmoney-server"}
{"timestamp":"2025-10-16T09:21:27.893Z","level":"info","message":"Socket.IO using Redis adapter","pid":27956,"service":"apmoney-server"}
{"timestamp":"2025-10-16T09:21:31.238Z","level":"info","message":"alertsMonitor: cron started","pid":27956,"service":"apmoney-server","schedule":"*/5 * * * *"}
{"timestamp":"2025-10-16T09:21:31.238Z","level":"info","message":"Cron jobs started - pending monitor and alerts monitor running","pid":27956,"service":"apmoney-server"}
{"timestamp":"2025-10-16T09:21:42.993Z","level":"info","message":"http_request_start","pid":27956,"service":"apmoney-server","method":"POST","url":"/api/v1/auth/request-otp","ip":"::1"}
{"timestamp":"2025-10-16T09:21:43.891Z","level":"info","message":"Creating OTP request","pid":27956,"service":"apmoney-server","requestId":"23477b60-0b8d-4476-8f55-ad22debd7994","phone":"+917020318629","email":null}
{"timestamp":"2025-10-16T09:21:44.957Z","level":"info","message":"OTP SMS sent successfully via Twilio","pid":27956,"service":"apmoney-server","phone":"+917020318629","messageId":"SM2752a97e0d3a28de8eda907a8f96d899","status":"queued","price":null}
{"timestamp":"2025-10-16T09:21:44.965Z","level":"info","message":"OTP SMS sent successfully","pid":27956,"service":"apmoney-server","requestId":"23477b60-0b8d-4476-8f55-ad22debd7994","phone":"+917020318629","messageId":"SM2752a97e0d3a28de8eda907a8f96d899"}
{"timestamp":"2025-10-16T09:22:02.151Z","level":"info","message":"http_request_start","pid":27956,"service":"apmoney-server","method":"POST","url":"/api/v1/auth/verify-otp","ip":"::1"}
{"timestamp":"2025-10-16T09:22:02.155Z","level":"info","message":"Starting verifyOtp","pid":27956,"service":"apmoney-server","phone":"+917020318629","request_id":"23477b60-0b8d-4476-8f55-ad22debd7994"}
{"timestamp":"2025-10-16T09:22:05.575Z","level":"info","message":"User exists, logging in","pid":27956,"service":"apmoney-server","phone":"+917020318629","user_id":6}
{"timestamp":"2025-10-16T09:22:06.134Z","level":"info","message":"http_request_start","pid":27956,"service":"apmoney-server","method":"GET","url":"/api/v1/admin/dashboard/summary","ip":"::1"}
{"timestamp":"2025-10-16T09:22:16.252Z","level":"info","message":"http_request_start","pid":27956,"service":"apmoney-server","method":"GET","url":"/api/v1/admin/dashboard/summary","ip":"::1"}
{"timestamp":"2025-10-16T09:24:04.632Z","level":"info","message":"Socket.IO using Redis adapter","pid":41368,"service":"apmoney-server"}
{"timestamp":"2025-10-16T09:24:06.918Z","level":"info","message":"alertsMonitor: cron started","pid":41368,"service":"apmoney-server","schedule":"*/5 * * * *"}
{"timestamp":"2025-10-16T09:24:06.919Z","level":"info","message":"Cron jobs started - pending monitor and alerts monitor running","pid":41368,"service":"apmoney-server"}
{"timestamp":"2025-10-16T09:25:00.047Z","level":"info","message":"alertsMonitor: running check","pid":41368,"service":"apmoney-server"}
{"timestamp":"2025-10-16T09:25:00.051Z","level":"info","message":"PendingMonitor: starting","pid":41368,"service":"apmoney-server"}
{"timestamp":"2025-10-16T09:25:04.130Z","level":"info","message":"PendingMonitor: no stale pending txns","pid":41368,"service":"apmoney-server"}
{"timestamp":"2025-10-16T09:25:09.085Z","level":"info","message":"alertsMonitor: done","pid":41368,"service":"apmoney-server"}
{"timestamp":"2025-10-16T09:25:16.691Z","level":"info","message":"Socket.IO using Redis adapter","pid":37224,"service":"apmoney-server"}
{"timestamp":"2025-10-16T09:25:20.253Z","level":"info","message":"alertsMonitor: cron started","pid":37224,"service":"apmoney-server","schedule":"*/5 * * * *"}
{"timestamp":"2025-10-16T09:25:20.254Z","level":"info","message":"Cron jobs started - pending monitor and alerts monitor running","pid":37224,"service":"apmoney-server"}
{"timestamp":"2025-10-16T09:25:31.471Z","level":"info","message":"Socket.IO using Redis adapter","pid":45588,"service":"apmoney-server"}
{"timestamp":"2025-10-16T09:25:34.214Z","level":"info","message":"alertsMonitor: cron started","pid":45588,"service":"apmoney-server","schedule":"*/5 * * * *"}
{"timestamp":"2025-10-16T09:25:34.215Z","level":"info","message":"Cron jobs started - pending monitor and alerts monitor running","pid":45588,"service":"apmoney-server"}
{"timestamp":"2025-10-16T09:25:39.913Z","level":"info","message":"Socket.IO using Redis adapter","pid":15888,"service":"apmoney-server"}
{"timestamp":"2025-10-16T09:25:42.633Z","level":"info","message":"alertsMonitor: cron started","pid":15888,"service":"apmoney-server","schedule":"*/5 * * * *"}
{"timestamp":"2025-10-16T09:25:42.634Z","level":"info","message":"Cron jobs started - pending monitor and alerts monitor running","pid":15888,"service":"apmoney-server"}
{"timestamp":"2025-10-16T09:25:48.492Z","level":"info","message":"Socket.IO using Redis adapter","pid":4504,"service":"apmoney-server"}
{"timestamp":"2025-10-16T09:25:52.146Z","level":"info","message":"alertsMonitor: cron started","pid":4504,"service":"apmoney-server","schedule":"*/5 * * * *"}
{"timestamp":"2025-10-16T09:25:52.147Z","level":"info","message":"Cron jobs started - pending monitor and alerts monitor running","pid":4504,"service":"apmoney-server"}
{"timestamp":"2025-10-16T09:28:00.819Z","level":"info","message":"http_request_start","pid":4504,"service":"apmoney-server","method":"POST","url":"/api/v1/auth/request-otp","ip":"::1"}
{"timestamp":"2025-10-16T09:28:30.154Z","level":"info","message":"Socket.IO using Redis adapter","pid":31308,"service":"apmoney-server"}
{"timestamp":"2025-10-16T09:28:32.378Z","level":"info","message":"http_request_start","pid":31308,"service":"apmoney-server","method":"POST","url":"/api/v1/auth/request-otp","ip":"::1"}
{"timestamp":"2025-10-16T09:28:33.831Z","level":"info","message":"alertsMonitor: cron started","pid":31308,"service":"apmoney-server","schedule":"*/5 * * * *"}
{"timestamp":"2025-10-16T09:28:33.832Z","level":"info","message":"Cron jobs started - pending monitor and alerts monitor running","pid":31308,"service":"apmoney-server"}
{"timestamp":"2025-10-16T09:28:42.257Z","level":"info","message":"http_request_start","pid":31308,"service":"apmoney-server","method":"POST","url":"/api/v1/auth/request-otp","ip":"::1"}
{"timestamp":"2025-10-16T09:29:29.827Z","level":"info","message":"http_request_start","pid":31308,"service":"apmoney-server","method":"POST","url":"/api/v1/auth/request-otp","ip":"::1"}
{"timestamp":"2025-10-16T09:29:30.433Z","level":"info","message":"http_request_start","pid":31308,"service":"apmoney-server","method":"POST","url":"/api/v1/auth/request-otp","ip":"::1"}
{"timestamp":"2025-10-16T09:29:30.863Z","level":"info","message":"http_request_start","pid":31308,"service":"apmoney-server","method":"POST","url":"/api/v1/auth/request-otp","ip":"::1"}
{"timestamp":"2025-10-16T09:29:31.098Z","level":"info","message":"http_request_start","pid":31308,"service":"apmoney-server","method":"POST","url":"/api/v1/auth/request-otp","ip":"::1"}
{"timestamp":"2025-10-16T09:29:49.866Z","level":"info","message":"http_request_start","pid":31308,"service":"apmoney-server","method":"POST","url":"/api/v1/auth/request-otp","ip":"::1"}
{"timestamp":"2025-10-16T09:30:00.035Z","level":"info","message":"PendingMonitor: starting","pid":31308,"service":"apmoney-server"}
{"timestamp":"2025-10-16T09:30:00.039Z","level":"info","message":"alertsMonitor: running check","pid":31308,"service":"apmoney-server"}
{"timestamp":"2025-10-16T09:30:01.105Z","level":"info","message":"PendingMonitor: no stale pending txns","pid":31308,"service":"apmoney-server"}
{"timestamp":"2025-10-16T09:30:19.042Z","level":"info","message":"alertsMonitor: done","pid":31308,"service":"apmoney-server"}
{"timestamp":"2025-10-16T09:31:12.591Z","level":"info","message":"Socket.IO using Redis adapter","pid":29336,"service":"apmoney-server"}
{"timestamp":"2025-10-16T09:31:15.728Z","level":"info","message":"alertsMonitor: cron started","pid":29336,"service":"apmoney-server","schedule":"*/5 * * * *"}
{"timestamp":"2025-10-16T09:31:15.728Z","level":"info","message":"Cron jobs started - pending monitor and alerts monitor running","pid":29336,"service":"apmoney-server"}
{"timestamp":"2025-10-16T09:31:48.370Z","level":"info","message":"http_request_start","pid":29336,"service":"apmoney-server","method":"POST","url":"/api/v1/auth/request-otp","ip":"::1"}
{"timestamp":"2025-10-16T09:34:16.945Z","level":"info","message":"Socket.IO using Redis adapter","pid":47004,"service":"apmoney-server"}
{"timestamp":"2025-10-16T09:34:20.251Z","level":"info","message":"alertsMonitor: cron started","pid":47004,"service":"apmoney-server","schedule":"*/5 * * * *"}
{"timestamp":"2025-10-16T09:34:20.252Z","level":"info","message":"Cron jobs started - pending monitor and alerts monitor running","pid":47004,"service":"apmoney-server"}
{"timestamp":"2025-10-16T09:34:49.071Z","level":"info","message":"http_request_start","pid":47004,"service":"apmoney-server","method":"POST","url":"/api/v1/auth/request-otp","ip":"::1"}
{"timestamp":"2025-10-16T09:35:00.048Z","level":"info","message":"PendingMonitor: starting","pid":47004,"service":"apmoney-server"}
{"timestamp":"2025-10-16T09:35:00.054Z","level":"info","message":"alertsMonitor: running check","pid":47004,"service":"apmoney-server"}
{"timestamp":"2025-10-16T09:35:01.089Z","level":"info","message":"PendingMonitor: no stale pending txns","pid":47004,"service":"apmoney-server"}
{"timestamp":"2025-10-16T09:35:13.624Z","level":"info","message":"alertsMonitor: done","pid":47004,"service":"apmoney-server"}
{"timestamp":"2025-10-16T09:36:08.159Z","level":"info","message":"http_request_start","pid":47004,"service":"apmoney-server","method":"POST","url":"/api/v1/auth/request-otp","ip":"::1"}
{"timestamp":"2025-10-16T09:36:09.157Z","level":"info","message":"Creating OTP request","pid":47004,"service":"apmoney-server","requestId":"a2fe1042-ee7f-402d-a080-5f0febe9d269","phone":"+917020318629"}
{"timestamp":"2025-10-16T09:36:10.602Z","level":"info","message":"OTP SMS sent successfully via Twilio","pid":47004,"service":"apmoney-server","phone":"+917020318629","messageId":"SM97fd1114534b873c650fb9ba69d1443b","status":"queued","price":null}
{"timestamp":"2025-10-16T09:36:10.604Z","level":"info","message":"OTP SMS sent successfully","pid":47004,"service":"apmoney-server","requestId":"a2fe1042-ee7f-402d-a080-5f0febe9d269","phone":"+917020318629","messageId":"SM97fd1114534b873c650fb9ba69d1443b"}
{"timestamp":"2025-10-16T09:37:05.611Z","level":"info","message":"http_request_start","pid":47004,"service":"apmoney-server","method":"POST","url":"/api/v1/auth/request-otp","ip":"::1"}
{"timestamp":"2025-10-16T09:41:18.650Z","level":"info","message":"Socket.IO using Redis adapter","pid":41664,"service":"apmoney-server"}
{"timestamp":"2025-10-16T09:41:21.817Z","level":"info","message":"alertsMonitor: cron started","pid":41664,"service":"apmoney-server","schedule":"*/5 * * * *"}
{"timestamp":"2025-10-16T09:41:21.818Z","level":"info","message":"Cron jobs started - pending monitor and alerts monitor running","pid":41664,"service":"apmoney-server"}
{"timestamp":"2025-10-16T09:45:00.047Z","level":"info","message":"PendingMonitor: starting","pid":41664,"service":"apmoney-server"}
{"timestamp":"2025-10-16T09:45:00.051Z","level":"info","message":"alertsMonitor: running check","pid":41664,"service":"apmoney-server"}
{"timestamp":"2025-10-16T09:45:01.124Z","level":"info","message":"PendingMonitor: no stale pending txns","pid":41664,"service":"apmoney-server"}
{"timestamp":"2025-10-16T09:45:05.922Z","level":"info","message":"Socket.IO using Redis adapter","pid":37488,"service":"apmoney-server"}
{"timestamp":"2025-10-16T09:45:09.155Z","level":"info","message":"alertsMonitor: cron started","pid":37488,"service":"apmoney-server","schedule":"*/5 * * * *"}
{"timestamp":"2025-10-16T09:45:09.155Z","level":"info","message":"Cron jobs started - pending monitor and alerts monitor running","pid":37488,"service":"apmoney-server"}
{"timestamp":"2025-10-16T09:45:55.308Z","level":"info","message":"Socket.IO using Redis adapter","pid":40156,"service":"apmoney-server"}
{"timestamp":"2025-10-16T09:45:57.875Z","level":"info","message":"alertsMonitor: cron started","pid":40156,"service":"apmoney-server","schedule":"*/5 * * * *"}
{"timestamp":"2025-10-16T09:45:57.876Z","level":"info","message":"Cron jobs started - pending monitor and alerts monitor running","pid":40156,"service":"apmoney-server"}
{"timestamp":"2025-10-16T09:46:54.082Z","level":"info","message":"http_request_start","pid":40156,"service":"apmoney-server","method":"POST","url":"/api/v1/auth/request-otp","ip":"::1"}
{"timestamp":"2025-10-16T09:47:06.566Z","level":"info","message":"http_request_start","pid":40156,"service":"apmoney-server","method":"POST","url":"/api/v1/auth/request-otp","ip":"::1"}
{"timestamp":"2025-10-16T09:48:54.902Z","level":"info","message":"http_request_start","pid":40156,"service":"apmoney-server","method":"POST","url":"/api/v1/auth/request-otp","ip":"::1"}
{"timestamp":"2025-10-16T09:48:55.766Z","level":"info","message":"Creating OTP request","pid":40156,"service":"apmoney-server","requestId":"20dc751d-7cbc-45c9-b22d-20574c6d5a0e","phone":"+917020318629"}
{"timestamp":"2025-10-16T09:48:56.556Z","level":"info","message":"OTP SMS sent successfully via Twilio","pid":40156,"service":"apmoney-server","phone":"+917020318629","messageId":"SM8f1600cfdab3fed65473eec0199f12bb","status":"queued","price":null}
{"timestamp":"2025-10-16T09:48:56.558Z","level":"info","message":"OTP SMS sent successfully","pid":40156,"service":"apmoney-server","requestId":"20dc751d-7cbc-45c9-b22d-20574c6d5a0e","phone":"+917020318629","messageId":"SM8f1600cfdab3fed65473eec0199f12bb"}
{"timestamp":"2025-10-16T09:49:11.759Z","level":"info","message":"http_request_start","pid":40156,"service":"apmoney-server","method":"POST","url":"/api/v1/auth/verify-otp","ip":"::1"}
{"timestamp":"2025-10-16T09:49:11.785Z","level":"info","message":"Starting verifyOtp","pid":40156,"service":"apmoney-server","phone":"+917020318629","request_id":"20dc751d-7cbc-45c9-b22d-20574c6d5a0e"}
{"timestamp":"2025-10-16T09:49:15.280Z","level":"info","message":"User exists, logging in","pid":40156,"service":"apmoney-server","phone":"+917020318629","user_id":6}
{"timestamp":"2025-10-16T09:49:15.784Z","level":"info","message":"http_request_start","pid":40156,"service":"apmoney-server","method":"GET","url":"/api/v1/admin/dashboard/summary","ip":"::1"}
{"timestamp":"2025-10-16T09:49:25.902Z","level":"info","message":"http_request_start","pid":40156,"service":"apmoney-server","method":"GET","url":"/api/v1/admin/dashboard/summary","ip":"::1"}
{"timestamp":"2025-10-16T09:50:00.071Z","level":"info","message":"PendingMonitor: starting","pid":40156,"service":"apmoney-server"}
{"timestamp":"2025-10-16T09:50:00.076Z","level":"info","message":"alertsMonitor: running check","pid":40156,"service":"apmoney-server"}
{"timestamp":"2025-10-16T09:50:01.051Z","level":"info","message":"PendingMonitor: no stale pending txns","pid":40156,"service":"apmoney-server"}
{"timestamp":"2025-10-16T09:50:19.894Z","level":"info","message":"alertsMonitor: done","pid":40156,"service":"apmoney-server"}
{"timestamp":"2025-10-16T09:52:29.898Z","level":"info","message":"Socket.IO using Redis adapter","pid":26820,"service":"apmoney-server"}
